<?xml version="1.0" encoding="UTF-8"?>
<!-- Generated by org.testng.reporters.JUnitReportReporter -->
<testsuite hostname="DESKTOP-4HL90Q7" failures="0" tests="3" name="Testrunners.ErrmsgTest" time="15.614" errors="0" timestamp="15 Jul 2023 06:27:23 GMT" skipped="0">
  <testcase classname="Testrunners.ErrmsgTest" name="runScenario" time="4.349"/>
  <testcase classname="Testrunners.ErrmsgTest" name="runScenario" time="5.867"/>
  <testcase classname="Testrunners.ErrmsgTest" name="runScenario" time="5.398"/>
</testsuite> <!-- Testrunners.ErrmsgTest -->
