<?xml version="1.0" encoding="UTF-8"?>
<!-- Generated by org.testng.reporters.JUnitReportReporter -->
<testsuite hostname="DESKTOP-4HL90Q7" failures="0" tests="1" name="Testrunners.NewEmployeeRegistration" time="9.756" errors="0" timestamp="15 Jul 2023 06:27:23 GMT" skipped="0">
  <testcase classname="Testrunners.NewEmployeeRegistration" name="runScenario" time="9.756"/>
</testsuite> <!-- Testrunners.NewEmployeeRegistration -->
