<?xml version="1.0" encoding="UTF-8"?>
<!-- Generated by org.testng.reporters.JUnitReportReporter -->
<testsuite hostname="DESKTOP-4HL90Q7" failures="0" tests="1" name="Testrunners.LoginTestwithvalidCredentials" time="57.689" errors="0" timestamp="17 Jul 2023 15:26:40 GMT" skipped="0">
  <testcase classname="Testrunners.LoginTestwithvalidCredentials" name="runScenario" time="57.689"/>
</testsuite> <!-- Testrunners.LoginTestwithvalidCredentials -->
